{"/Users/idha/WebstormProjects/webportal/frontend/src/admin/components/dropdown-menu/dropdown-menu.tsx": {"path":"/Users/idha/WebstormProjects/webportal/frontend/src/admin/components/dropdown-menu/dropdown-menu.tsx","statementMap":{"0":{"start":{"line":1,"column":0},"end":{"line":1,"column":37}},"1":{"start":{"line":2,"column":0},"end":{"line":2,"column":71}},"2":{"start":{"line":3,"column":0},"end":{"line":3,"column":29}},"3":{"start":{"line":10,"column":42},"end":{"line":10,"column":57}},"4":{"start":{"line":13,"column":4},"end":{"line":13,"column":null}},"5":{"start":{"line":17,"column":4},"end":{"line":19,"column":null}},"6":{"start":{"line":18,"column":6},"end":{"line":18,"column":null}},"7":{"start":{"line":22,"column":2},"end":{"line":37,"column":null}},"8":{"start":{"line":28,"column":66},"end":{"line":28,"column":81}},"9":{"start":{"line":9,"column":0},"end":{"line":9,"column":24}}},"fnMap":{"0":{"name":"DropdownMenu","decl":{"start":{"line":9,"column":24},"end":{"line":9,"column":36}},"loc":{"start":{"line":9,"column":67},"end":{"line":38,"column":1}}},"1":{"name":"toggleDropdown","decl":{"start":{"line":12,"column":11},"end":{"line":12,"column":25}},"loc":{"start":{"line":12,"column":25},"end":{"line":14,"column":3}}},"2":{"name":"hideDropdown","decl":{"start":{"line":16,"column":11},"end":{"line":16,"column":23}},"loc":{"start":{"line":16,"column":66},"end":{"line":20,"column":3}}},"3":{"name":"(anonymous_4)","decl":{"start":{"line":28,"column":16},"end":{"line":28,"column":17}},"loc":{"start":{"line":28,"column":66},"end":{"line":28,"column":81}}}},"branchMap":{"0":{"loc":{"start":{"line":17,"column":4},"end":{"line":19,"column":null}},"type":"if","locations":[{"start":{"line":17,"column":4},"end":{"line":19,"column":null}}]},"1":{"loc":{"start":{"line":23,"column":20},"end":{"line":25,"column":25}},"type":"cond-expr","locations":[{"start":{"line":24,"column":8},"end":{"line":24,"column":33}},{"start":{"line":25,"column":8},"end":{"line":25,"column":25}}]}},"s":{"0":2,"1":2,"2":2,"3":15,"4":3,"5":1,"6":1,"7":15,"8":1,"9":2},"f":{"0":15,"1":3,"2":1,"3":1},"b":{"0":[1],"1":[2,13]}}
,"/Users/idha/WebstormProjects/webportal/frontend/src/admin/components/dropdown-menu-icon/dropdown-menu-icon.tsx": {"path":"/Users/idha/WebstormProjects/webportal/frontend/src/admin/components/dropdown-menu-icon/dropdown-menu-icon.tsx","statementMap":{"0":{"start":{"line":2,"column":2},"end":{"line":15,"column":null}},"1":{"start":{"line":1,"column":0},"end":{"line":1,"column":24}}},"fnMap":{"0":{"name":"DropdownMenuIcon","decl":{"start":{"line":1,"column":24},"end":{"line":1,"column":40}},"loc":{"start":{"line":1,"column":40},"end":{"line":16,"column":1}}}},"branchMap":{},"s":{"0":15,"1":2},"f":{"0":15},"b":{}}
,"/Users/idha/WebstormProjects/webportal/frontend/src/admin/components/user-information/user-information.tsx": {"path":"/Users/idha/WebstormProjects/webportal/frontend/src/admin/components/user-information/user-information.tsx","statementMap":{"0":{"start":{"line":2,"column":0},"end":{"line":2,"column":32}},"1":{"start":{"line":9,"column":2},"end":{"line":27,"column":null}},"2":{"start":{"line":8,"column":0},"end":{"line":8,"column":24}}},"fnMap":{"0":{"name":"UserInformation","decl":{"start":{"line":8,"column":24},"end":{"line":8,"column":39}},"loc":{"start":{"line":8,"column":70},"end":{"line":28,"column":1}}}},"branchMap":{},"s":{"0":1,"1":2,"2":1},"f":{"0":2},"b":{}}
,"/Users/idha/WebstormProjects/webportal/frontend/src/admin/components/user-list/user-list.tsx": {"path":"/Users/idha/WebstormProjects/webportal/frontend/src/admin/components/user-list/user-list.tsx","statementMap":{"0":{"start":{"line":1,"column":0},"end":{"line":1,"column":30}},"1":{"start":{"line":3,"column":0},"end":{"line":3,"column":57}},"2":{"start":{"line":4,"column":0},"end":{"line":4,"column":59}},"3":{"start":{"line":5,"column":0},"end":{"line":5,"column":25}},"4":{"start":{"line":13,"column":42},"end":{"line":13,"column":69}},"5":{"start":{"line":16,"column":4},"end":{"line":16,"column":null}},"6":{"start":{"line":20,"column":4},"end":{"line":20,"column":null}},"7":{"start":{"line":24,"column":4},"end":{"line":24,"column":null}},"8":{"start":{"line":27,"column":2},"end":{"line":51,"column":null}},"9":{"start":{"line":39,"column":10},"end":{"line":40,"column":null}},"10":{"start":{"line":43,"column":14},"end":{"line":43,"column":null}},"11":{"start":{"line":44,"column":14},"end":{"line":44,"column":null}},"12":{"start":{"line":12,"column":0},"end":{"line":12,"column":24}}},"fnMap":{"0":{"name":"UserList","decl":{"start":{"line":12,"column":24},"end":{"line":12,"column":32}},"loc":{"start":{"line":12,"column":66},"end":{"line":52,"column":1}}},"1":{"name":"downloadUser","decl":{"start":{"line":15,"column":11},"end":{"line":15,"column":23}},"loc":{"start":{"line":15,"column":23},"end":{"line":17,"column":3}}},"2":{"name":"updateUser","decl":{"start":{"line":19,"column":11},"end":{"line":19,"column":21}},"loc":{"start":{"line":19,"column":21},"end":{"line":21,"column":3}}},"3":{"name":"addUser","decl":{"start":{"line":23,"column":11},"end":{"line":23,"column":18}},"loc":{"start":{"line":23,"column":18},"end":{"line":25,"column":3}}},"4":{"name":"(anonymous_5)","decl":{"start":{"line":38,"column":19},"end":{"line":38,"column":20}},"loc":{"start":{"line":39,"column":10},"end":{"line":40,"column":null}}},"5":{"name":"(anonymous_6)","decl":{"start":{"line":42,"column":21},"end":{"line":42,"column":24}},"loc":{"start":{"line":42,"column":26},"end":{"line":45,"column":13}}}},"branchMap":{},"s":{"0":1,"1":1,"2":1,"3":1,"4":6,"5":1,"6":1,"7":1,"8":6,"9":12,"10":1,"11":1,"12":1},"f":{"0":6,"1":1,"2":1,"3":1,"4":12,"5":1},"b":{}}
,"/Users/idha/WebstormProjects/webportal/frontend/src/admin/components/user-list-item/user-list-item.tsx": {"path":"/Users/idha/WebstormProjects/webportal/frontend/src/admin/components/user-list-item/user-list-item.tsx","statementMap":{"0":{"start":{"line":2,"column":0},"end":{"line":2,"column":30}},"1":{"start":{"line":11,"column":2},"end":{"line":18,"column":null}},"2":{"start":{"line":14,"column":21},"end":{"line":14,"column":30}},"3":{"start":{"line":10,"column":0},"end":{"line":10,"column":24}}},"fnMap":{"0":{"name":"UserListItem","decl":{"start":{"line":10,"column":24},"end":{"line":10,"column":36}},"loc":{"start":{"line":10,"column":83},"end":{"line":19,"column":1}}},"1":{"name":"(anonymous_1)","decl":{"start":{"line":14,"column":15},"end":{"line":14,"column":18}},"loc":{"start":{"line":14,"column":21},"end":{"line":14,"column":30}}}},"branchMap":{"0":{"loc":{"start":{"line":13,"column":38},"end":{"line":13,"column":66}},"type":"cond-expr","locations":[{"start":{"line":13,"column":51},"end":{"line":13,"column":61}},{"start":{"line":13,"column":64},"end":{"line":13,"column":66}}]}},"s":{"0":2,"1":16,"2":2,"3":2},"f":{"0":16,"1":2},"b":{"0":[2,14]}}
}
