TN:
SF:src/admin/components/dropdown-menu/dropdown-menu.tsx
FN:9,DropdownMenu
FN:12,toggleDropdown
FN:16,hideDropdown
FN:28,(anonymous_4)
FNF:4
FNH:4
FNDA:15,DropdownMenu
FNDA:3,toggleDropdown
FNDA:1,hideDropdown
FNDA:1,(anonymous_4)
DA:1,2
DA:2,2
DA:3,2
DA:9,2
DA:10,15
DA:13,3
DA:17,1
DA:18,1
DA:22,15
DA:28,1
LF:10
LH:10
BRDA:17,0,0,1
BRDA:23,1,0,2
BRDA:23,1,1,13
BRF:3
BRH:3
end_of_record
TN:
SF:src/admin/components/dropdown-menu-icon/dropdown-menu-icon.tsx
FN:1,DropdownMenuIcon
FNF:1
FNH:1
FNDA:15,DropdownMenuIcon
DA:1,2
DA:2,15
LF:2
LH:2
BRF:0
BRH:0
end_of_record
TN:
SF:src/admin/components/user-information/user-information.tsx
FN:8,UserInformation
FNF:1
FNH:1
FNDA:2,UserInformation
DA:2,1
DA:8,1
DA:9,2
LF:3
LH:3
BRF:0
BRH:0
end_of_record
TN:
SF:src/admin/components/user-list/user-list.tsx
FN:12,UserList
FN:15,downloadUser
FN:19,updateUser
FN:23,addUser
FN:38,(anonymous_5)
FN:42,(anonymous_6)
FNF:6
FNH:6
FNDA:6,UserList
FNDA:1,downloadUser
FNDA:1,updateUser
FNDA:1,addUser
FNDA:12,(anonymous_5)
FNDA:1,(anonymous_6)
DA:1,1
DA:3,1
DA:4,1
DA:5,1
DA:12,1
DA:13,6
DA:16,1
DA:20,1
DA:24,1
DA:27,6
DA:39,12
DA:43,1
DA:44,1
LF:13
LH:13
BRF:0
BRH:0
end_of_record
TN:
SF:src/admin/components/user-list-item/user-list-item.tsx
FN:10,UserListItem
FN:14,(anonymous_1)
FNF:2
FNH:2
FNDA:16,UserListItem
FNDA:2,(anonymous_1)
DA:2,2
DA:10,2
DA:11,16
DA:14,2
LF:4
LH:4
BRDA:13,0,0,2
BRDA:13,0,1,14
BRF:2
BRH:2
end_of_record
